_miescuela-server/app/build/outputs/logs/manifest-merger-release-report.txt
-- Merging decision tree log ---
manifest
ADDED from src/main/AndroidManifest.xml:1:1-143:12
INJECTED from src/main/AndroidManifest.xml:1:1-143:12
INJECTED from src/main/AndroidManifest.xml:1:1-143:12
INJECTED from src/main/AndroidManifest.xml:1:1-143:12
MERGED from [androidx.viewpager:viewpager:1.0.0] AndroidManifest.xml:17:1-22:12
MERGED from [androidx.drawerlayout:drawerlayout:1.0.0] AndroidManifest.xml:17:1-22:12
MERGED from [:terminal-view] AndroidManifest.xml:2:1-9:12
MERGED from [androidx.customview:customview:1.0.0] AndroidManifest.xml:17:1-22:12
MERGED from [androidx.core:core:1.0.0] AndroidManifest.xml:17:1-24:12
MERGED from [androidx.versionedparcelable:versionedparcelable:1.0.0] AndroidManifest.xml:17:1-25:12
MERGED from [androidx.lifecycle:lifecycle-runtime:2.0.0] AndroidManifest.xml:17:1-22:12
MERGED from [:terminal-emulator] AndroidManifest.xml:2:1-9:12
INJECTED from src/main/AndroidManifest.xml:1:1-143:12
INJECTED from src/main/AndroidManifest.xml:1:1-143:12
INJECTED from src/main/AndroidManifest.xml:1:1-143:12
	package
		ADDED from src/main/AndroidManifest.xml:3:5-27
		INJECTED from src/main/AndroidManifest.xml
		INJECTED from src/main/AndroidManifest.xml
	android:sharedUserLabel
		ADDED from src/main/AndroidManifest.xml:6:5-56
	android:sharedUserId
		ADDED from src/main/AndroidManifest.xml:5:5-40
	android:versionName
		INJECTED from src/main/AndroidManifest.xml
		ADDED from src/main/AndroidManifest.xml:1:1-143:12
		INJECTED from src/main/AndroidManifest.xml
	xmlns:tools
		ADDED from src/main/AndroidManifest.xml:2:5-51
	android:versionCode
		INJECTED from src/main/AndroidManifest.xml
		ADDED from src/main/AndroidManifest.xml:1:1-143:12
		INJECTED from src/main/AndroidManifest.xml
	xmlns:android
		ADDED from src/main/AndroidManifest.xml:1:11-69
	android:installLocation
		ADDED from src/main/AndroidManifest.xml:4:5-43
uses-feature#android.hardware.touchscreen
ADDED from src/main/AndroidManifest.xml:8:5-90
	android:required
		ADDED from src/main/AndroidManifest.xml:8:63-87
	android:name
		ADDED from src/main/AndroidManifest.xml:8:19-62
uses-feature#android.software.leanback
ADDED from src/main/AndroidManifest.xml:9:5-87
	android:required
		ADDED from src/main/AndroidManifest.xml:9:60-84
	android:name
		ADDED from src/main/AndroidManifest.xml:9:19-59
uses-permission#android.permission.INTERNET
ADDED from src/main/AndroidManifest.xml:11:5-67
	android:name
		ADDED from src/main/AndroidManifest.xml:11:22-64
uses-permission#android.permission.WRITE_EXTERNAL_STORAGE
ADDED from src/main/AndroidManifest.xml:12:5-81
	android:name
		ADDED from src/main/AndroidManifest.xml:12:22-78
uses-permission#android.permission.WAKE_LOCK
ADDED from src/main/AndroidManifest.xml:13:5-68
	android:name
		ADDED from src/main/AndroidManifest.xml:13:22-65
uses-permission#android.permission.VIBRATE
ADDED from src/main/AndroidManifest.xml:14:5-66
	android:name
		ADDED from src/main/AndroidManifest.xml:14:22-63
uses-permission#android.permission.FOREGROUND_SERVICE
ADDED from src/main/AndroidManifest.xml:15:5-77
	android:name
		ADDED from src/main/AndroidManifest.xml:15:22-74
uses-permission-sdk-23#android.permission.REQUEST_IGNORE_BATTERY_OPTIMIZATIONS
ADDED from src/main/AndroidManifest.xml:16:5-101
	android:name
		ADDED from src/main/AndroidManifest.xml:16:29-99
application
ADDED from src/main/AndroidManifest.xml:18:5-141:19
MERGED from [androidx.core:core:1.0.0] AndroidManifest.xml:22:5-89
MERGED from [androidx.core:core:1.0.0] AndroidManifest.xml:22:5-89
MERGED from [androidx.versionedparcelable:versionedparcelable:1.0.0] AndroidManifest.xml:22:5-23:19
MERGED from [androidx.versionedparcelable:versionedparcelable:1.0.0] AndroidManifest.xml:22:5-23:19
	android:extractNativeLibs
		ADDED from src/main/AndroidManifest.xml:19:9-41
	android:appComponentFactory
		ADDED from [androidx.core:core:1.0.0] AndroidManifest.xml:22:18-86
	android:supportsRtl
		ADDED from src/main/AndroidManifest.xml:26:9-36
	android:label
		ADDED from src/main/AndroidManifest.xml:24:9-49
	android:fullBackupContent
		ADDED from src/main/AndroidManifest.xml:21:9-54
	android:icon
		ADDED from src/main/AndroidManifest.xml:22:9-45
	android:allowBackup
		ADDED from src/main/AndroidManifest.xml:20:9-35
	android:banner
		ADDED from src/main/AndroidManifest.xml:23:9-42
	android:theme
		ADDED from src/main/AndroidManifest.xml:25:9-44
meta-data#android.max_aspect
ADDED from src/main/AndroidManifest.xml:30:9-77
	android:value
		ADDED from src/main/AndroidManifest.xml:30:54-74
	android:name
		ADDED from src/main/AndroidManifest.xml:30:20-53
activity#co.miescuela.app.TermuxActivity
ADDED from src/main/AndroidManifest.xml:32:9-48:20
	android:label
		ADDED from src/main/AndroidManifest.xml:34:13-53
	android:launchMode
		ADDED from src/main/AndroidManifest.xml:36:13-44
	android:windowSoftInputMode
		ADDED from src/main/AndroidManifest.xml:38:13-74
	android:resizeableActivity
		ADDED from src/main/AndroidManifest.xml:37:13-46
	android:configChanges
		ADDED from src/main/AndroidManifest.xml:35:13-83
	android:name
		ADDED from src/main/AndroidManifest.xml:33:13-59
intent-filter#action:name:android.intent.action.MAIN+category:name:android.intent.category.LAUNCHER
ADDED from src/main/AndroidManifest.xml:39:13-42:29
action#android.intent.action.MAIN
ADDED from src/main/AndroidManifest.xml:40:17-69
	android:name
		ADDED from src/main/AndroidManifest.xml:40:25-66
category#android.intent.category.LAUNCHER
ADDED from src/main/AndroidManifest.xml:41:17-77
	android:name
		ADDED from src/main/AndroidManifest.xml:41:27-74
intent-filter#action:name:android.intent.action.MAIN+category:name:android.intent.category.LEANBACK_LAUNCHER
ADDED from src/main/AndroidManifest.xml:43:13-46:29
category#android.intent.category.LEANBACK_LAUNCHER
ADDED from src/main/AndroidManifest.xml:45:17-86
	android:name
		ADDED from src/main/AndroidManifest.xml:45:27-83
meta-data#android.app.shortcuts
ADDED from src/main/AndroidManifest.xml:47:13-97
	android:resource
		ADDED from src/main/AndroidManifest.xml:47:61-94
	android:name
		ADDED from src/main/AndroidManifest.xml:47:24-60
activity#co.miescuela.app.TermuxHelpActivity
ADDED from src/main/AndroidManifest.xml:50:9-56:56
	android:parentActivityName
		ADDED from src/main/AndroidManifest.xml:54:13-61
	android:label
		ADDED from src/main/AndroidManifest.xml:56:13-53
	android:exported
		ADDED from src/main/AndroidManifest.xml:52:13-37
	android:resizeableActivity
		ADDED from src/main/AndroidManifest.xml:55:13-46
	android:theme
		ADDED from src/main/AndroidManifest.xml:53:13-78
	android:name
		ADDED from src/main/AndroidManifest.xml:51:13-63
activity#co.miescuela.app.MiescuelaAdminActivity
ADDED from src/main/AndroidManifest.xml:58:9-64:56
	android:parentActivityName
		ADDED from src/main/AndroidManifest.xml:62:13-61
	android:label
		ADDED from src/main/AndroidManifest.xml:64:13-53
	android:exported
		ADDED from src/main/AndroidManifest.xml:60:13-37
	android:resizeableActivity
		ADDED from src/main/AndroidManifest.xml:63:13-46
	android:theme
		ADDED from src/main/AndroidManifest.xml:61:13-78
	android:name
		ADDED from src/main/AndroidManifest.xml:59:13-67
activity#co.miescuela.app.MiescuelaStreamActivity
ADDED from src/main/AndroidManifest.xml:66:9-72:56
	android:parentActivityName
		ADDED from src/main/AndroidManifest.xml:70:13-61
	android:label
		ADDED from src/main/AndroidManifest.xml:72:13-53
	android:exported
		ADDED from src/main/AndroidManifest.xml:68:13-37
	android:resizeableActivity
		ADDED from src/main/AndroidManifest.xml:71:13-46
	android:theme
		ADDED from src/main/AndroidManifest.xml:69:13-78
	android:name
		ADDED from src/main/AndroidManifest.xml:67:13-68
activity#co.miescuela.filepicker.TermuxFileReceiverActivity
ADDED from src/main/AndroidManifest.xml:74:9-103:20
	android:label
		ADDED from src/main/AndroidManifest.xml:76:13-53
	android:excludeFromRecents
		ADDED from src/main/AndroidManifest.xml:78:13-46
	android:noHistory
		ADDED from src/main/AndroidManifest.xml:80:13-37
	android:resizeableActivity
		ADDED from src/main/AndroidManifest.xml:79:13-46
	android:taskAffinity
		ADDED from src/main/AndroidManifest.xml:77:13-61
	android:name
		ADDED from src/main/AndroidManifest.xml:75:13-78
intent-filter#action:name:android.intent.action.SEND+category:name:android.intent.category.DEFAULT+data:mimeType:application/*+data:mimeType:audio/*+data:mimeType:image/*+data:mimeType:message/*+data:mimeType:multipart/*+data:mimeType:text/*+data:mimeType:video/*
ADDED from src/main/AndroidManifest.xml:82:13-92:29
action#android.intent.action.SEND
ADDED from src/main/AndroidManifest.xml:83:17-68
	android:name
		ADDED from src/main/AndroidManifest.xml:83:25-66
category#android.intent.category.DEFAULT
ADDED from src/main/AndroidManifest.xml:84:17-76
	android:name
		ADDED from src/main/AndroidManifest.xml:84:27-73
data
ADDED from src/main/AndroidManifest.xml:85:17-58
	android:mimeType
		ADDED from src/main/AndroidManifest.xml:85:23-55
intent-filter#action:name:android.intent.action.VIEW+category:name:android.intent.category.DEFAULT+data:mimeType:application/*latex*+data:mimeType:application/*xml*+data:mimeType:application/javascript+data:mimeType:application/json+data:mimeType:text/*
ADDED from src/main/AndroidManifest.xml:94:13-102:29
	tools:ignore
		ADDED from src/main/AndroidManifest.xml:94:28-58
action#android.intent.action.VIEW
ADDED from src/main/AndroidManifest.xml:95:17-68
	android:name
		ADDED from src/main/AndroidManifest.xml:95:25-66
activity-alias#co.miescuela.HomeActivity
ADDED from src/main/AndroidManifest.xml:105:9-115:26
	android:targetActivity
		ADDED from src/main/AndroidManifest.xml:107:13-69
	android:name
		ADDED from src/main/AndroidManifest.xml:106:13-41
intent-filter#action:name:android.intent.action.MAIN+category:name:android.intent.category.DEFAULT+category:name:android.intent.category.IOT_LAUNCHER
ADDED from src/main/AndroidManifest.xml:110:13-114:29
category#android.intent.category.IOT_LAUNCHER
ADDED from src/main/AndroidManifest.xml:112:17-80
	android:name
		ADDED from src/main/AndroidManifest.xml:112:27-78
provider#co.miescuela.filepicker.TermuxDocumentsProvider
ADDED from src/main/AndroidManifest.xml:117:9-126:20
	android:grantUriPermissions
		ADDED from src/main/AndroidManifest.xml:120:13-47
	android:authorities
		ADDED from src/main/AndroidManifest.xml:119:13-57
	android:exported
		ADDED from src/main/AndroidManifest.xml:121:13-36
	android:permission
		ADDED from src/main/AndroidManifest.xml:122:13-69
	android:name
		ADDED from src/main/AndroidManifest.xml:118:13-63
intent-filter#action:name:android.content.action.DOCUMENTS_PROVIDER
ADDED from src/main/AndroidManifest.xml:123:13-125:29
action#android.content.action.DOCUMENTS_PROVIDER
ADDED from src/main/AndroidManifest.xml:124:17-84
	android:name
		ADDED from src/main/AndroidManifest.xml:124:25-81
service#co.miescuela.app.TermuxService
ADDED from src/main/AndroidManifest.xml:128:9-130:40
	android:exported
		ADDED from src/main/AndroidManifest.xml:130:13-37
	android:name
		ADDED from src/main/AndroidManifest.xml:129:13-58
receiver#co.miescuela.app.TermuxOpenReceiver
ADDED from src/main/AndroidManifest.xml:132:9-60
	android:name
		ADDED from src/main/AndroidManifest.xml:132:19-57
provider#co.miescuela.app.TermuxOpenReceiver$ContentProvider
ADDED from src/main/AndroidManifest.xml:134:9-138:88
	android:readPermission
		ADDED from src/main/AndroidManifest.xml:135:19-71
	android:grantUriPermissions
		ADDED from src/main/AndroidManifest.xml:137:19-53
	android:authorities
		ADDED from src/main/AndroidManifest.xml:134:19-59
	android:exported
		ADDED from src/main/AndroidManifest.xml:136:19-42
	android:name
		ADDED from src/main/AndroidManifest.xml:138:19-85
meta-data#com.sec.android.support.multiwindow
ADDED from src/main/AndroidManifest.xml:140:9-94
	android:value
		ADDED from src/main/AndroidManifest.xml:140:71-91
	android:name
		ADDED from src/main/AndroidManifest.xml:140:20-70
uses-sdk
INJECTED from src/main/AndroidManifest.xml reason: use-sdk injection requested
INJECTED from src/main/AndroidManifest.xml
INJECTED from src/main/AndroidManifest.xml
MERGED from [androidx.viewpager:viewpager:1.0.0] AndroidManifest.xml:20:5-44
MERGED from [androidx.viewpager:viewpager:1.0.0] AndroidManifest.xml:20:5-44
MERGED from [androidx.drawerlayout:drawerlayout:1.0.0] AndroidManifest.xml:20:5-44
MERGED from [androidx.drawerlayout:drawerlayout:1.0.0] AndroidManifest.xml:20:5-44
MERGED from [:terminal-view] AndroidManifest.xml:5:5-7:41
MERGED from [:terminal-view] AndroidManifest.xml:5:5-7:41
MERGED from [androidx.customview:customview:1.0.0] AndroidManifest.xml:20:5-44
MERGED from [androidx.customview:customview:1.0.0] AndroidManifest.xml:20:5-44
MERGED from [androidx.core:core:1.0.0] AndroidManifest.xml:20:5-44
MERGED from [androidx.core:core:1.0.0] AndroidManifest.xml:20:5-44
MERGED from [androidx.versionedparcelable:versionedparcelable:1.0.0] AndroidManifest.xml:20:5-44
MERGED from [androidx.versionedparcelable:versionedparcelable:1.0.0] AndroidManifest.xml:20:5-44
MERGED from [androidx.lifecycle:lifecycle-runtime:2.0.0] AndroidManifest.xml:20:5-44
MERGED from [androidx.lifecycle:lifecycle-runtime:2.0.0] AndroidManifest.xml:20:5-44
MERGED from [:terminal-emulator] AndroidManifest.xml:5:5-7:41
MERGED from [:terminal-emulator] AndroidManifest.xml:5:5-7:41
INJECTED from src/main/AndroidManifest.xml
INJECTED from src/main/AndroidManifest.xml
	android:targetSdkVersion
		INJECTED from src/main/AndroidManifest.xml
		ADDED from src/main/AndroidManifest.xml
		INJECTED from src/main/AndroidManifest.xml
	android:minSdkVersion
		INJECTED from src/main/AndroidManifest.xml
		ADDED from src/main/AndroidManifest.xml
		INJECTED from src/main/AndroidManifest.xml